<?xml version="1.0" encoding="UTF-8"?>
<testng-results ignored="0" total="2" passed="2" failed="0" skipped="0">
  <reporter-output>
  </reporter-output>
  <suite started-at="2023-01-10T14:27:35 IST" name="Default suite" finished-at="2023-01-10T14:29:13 IST" duration-ms="98015">
    <groups>
    </groups>
    <test started-at="2023-01-10T14:27:35 IST" name="Default test" finished-at="2023-01-10T14:29:13 IST" duration-ms="98015">
      <class name="com.tests.TestApp">
        <test-method is-config="true" signature="beforeMethod()[pri:0, instance:com.tests.TestApp@659499f1]" started-at="2023-01-10T14:27:35 IST" name="beforeMethod" finished-at="2023-01-10T14:27:40 IST" duration-ms="4855" status="PASS">
          <reporter-output>
          </reporter-output>
        </test-method> <!-- beforeMethod -->
        <test-method signature="verifyCartPage()[pri:0, instance:com.tests.TestApp@659499f1]" started-at="2023-01-10T14:27:40 IST" name="verifyCartPage" finished-at="2023-01-10T14:28:33 IST" duration-ms="52849" status="PASS">
          <reporter-output>
          </reporter-output>
        </test-method> <!-- verifyCartPage -->
        <test-method is-config="true" signature="afterMethod()[pri:0, instance:com.tests.TestApp@659499f1]" started-at="2023-01-10T14:28:33 IST" name="afterMethod" finished-at="2023-01-10T14:28:33 IST" duration-ms="373" status="PASS">
          <reporter-output>
          </reporter-output>
        </test-method> <!-- afterMethod -->
        <test-method is-config="true" signature="beforeMethod()[pri:0, instance:com.tests.TestApp@659499f1]" started-at="2023-01-10T14:28:33 IST" name="beforeMethod" finished-at="2023-01-10T14:28:37 IST" duration-ms="3756" status="PASS">
          <reporter-output>
          </reporter-output>
        </test-method> <!-- beforeMethod -->
        <test-method signature="verifyLoginPage()[pri:0, instance:com.tests.TestApp@659499f1]" started-at="2023-01-10T14:28:37 IST" name="verifyLoginPage" finished-at="2023-01-10T14:29:13 IST" duration-ms="35854" status="PASS">
          <reporter-output>
          </reporter-output>
        </test-method> <!-- verifyLoginPage -->
        <test-method is-config="true" signature="afterMethod()[pri:0, instance:com.tests.TestApp@659499f1]" started-at="2023-01-10T14:29:13 IST" name="afterMethod" finished-at="2023-01-10T14:29:13 IST" duration-ms="298" status="PASS">
          <reporter-output>
          </reporter-output>
        </test-method> <!-- afterMethod -->
      </class> <!-- com.tests.TestApp -->
    </test> <!-- Default test -->
  </suite> <!-- Default suite -->
</testng-results>
